<?xml version="1.0" encoding="UTF-8"?>
<!-- Generated by org.testng.reporters.JUnitReportReporter -->
<testsuite hostname="mohitgandhi" failures="0" tests="1" name="com.uiFramework.A" time="0.007" errors="0" timestamp="11 Dec 2021 20:32:36 GMT" skipped="0">
  <testcase classname="com.uiFramework.A" name="testLogin" time="0.007"/>
</testsuite> <!-- com.uiFramework.A -->
