<?xml version="1.0" encoding="UTF-8"?>
<!-- Generated by org.testng.reporters.JUnitReportReporter -->
<testsuite hostname="mohitgandhi" failures="0" tests="1" name="com.uiFramework.A" time="0.009" errors="0" timestamp="2021-12-27T23:11:36 IST" skipped="0">
  <testcase classname="com.uiFramework.A" name="testLogin" time="0.009"/>
  <system-out/>
</testsuite> <!-- com.uiFramework.A -->
