<?xml version="1.0" encoding="UTF-8"?>
<!-- Generated by org.testng.reporters.JUnitReportReporter -->
<testsuite hostname="mohitgandhi" failures="0" tests="1" name="com.uiFramework.AppTest" time="0.010" errors="0" timestamp="2021-12-17T01:40:10 IST" skipped="0">
  <testcase classname="com.uiFramework.AppTest" name="shouldAnswerWithTrue" time="0.010"/>
  <system-out/>
</testsuite> <!-- com.uiFramework.AppTest -->
