<?xml version="1.0" encoding="UTF-8"?>
<!-- Generated by org.testng.reporters.JUnitReportReporter -->
<testsuite hostname="mohitgandhi" failures="0" tests="1" name="com.uiFramework.AppTest" time="0.007" errors="0" timestamp="27 Dec 2021 16:11:07 GMT" skipped="0">
  <testcase classname="com.uiFramework.AppTest" name="shouldAnswerWithTrue" time="0.007"/>
</testsuite> <!-- com.uiFramework.AppTest -->
